INFO [2022-07-28 10:57:26] Initialising estimates for: Zaanstreek-Waterland
DEBUG [2022-07-28 10:57:26] Producing following optional outputs: plots, samples, timing, latest
WARN [2022-07-28 10:57:26] Zaanstreek-Waterland: Incompatible methods ("-.Date", "-.IDate") for "-" - update_horizon, horizon, target_date, reported_cases
DEBUG [2022-07-28 10:57:26] Zaanstreek-Waterland: Running in exact mode for 100 samples (across 4 chains each with a warm up of 100 iterations each) and 183 time steps of which 20 are a forecast
WARN [2022-07-28 12:02:01] Zaanstreek-Waterland (chain: 1): There were 6 divergent transitions after warmup. See
https://mc-stan.org/misc/warnings.html#divergent-transitions-after-warmup
to find out why this is a problem and how to eliminate them. - 
WARN [2022-07-28 12:02:01] Zaanstreek-Waterland (chain: 1): Examine the pairs() plot to diagnose sampling problems
 - 
WARN [2022-07-28 12:02:11] Zaanstreek-Waterland (chain: 1): The largest R-hat is 1.16, indicating chains have not mixed.
Running the chains for more iterations may help. See
https://mc-stan.org/misc/warnings.html#r-hat - 
WARN [2022-07-28 12:02:17] Zaanstreek-Waterland (chain: 1): Bulk Effective Samples Size (ESS) is too low, indicating posterior means and medians may be unreliable.
Running the chains for more iterations may help. See
https://mc-stan.org/misc/warnings.html#bulk-ess - 
WARN [2022-07-28 12:02:33] Zaanstreek-Waterland (chain: 1): Tail Effective Samples Size (ESS) is too low, indicating posterior variances and tail quantiles may be unreliable.
Running the chains for more iterations may help. See
https://mc-stan.org/misc/warnings.html#tail-ess - 
INFO [2022-07-28 12:03:21] Initialising estimates for: Salzburg
DEBUG [2022-07-28 12:03:21] Producing following optional outputs: plots, samples, timing, latest
WARN [2022-07-28 12:03:21] Salzburg: Incompatible methods ("-.Date", "-.IDate") for "-" - update_horizon, horizon, target_date, reported_cases
DEBUG [2022-07-28 12:03:21] Salzburg: Running in exact mode for 100 samples (across 4 chains each with a warm up of 100 iterations each) and 183 time steps of which 20 are a forecast
WARN [2022-07-28 12:42:33] Salzburg (chain: 1): There were 1 divergent transitions after warmup. See
https://mc-stan.org/misc/warnings.html#divergent-transitions-after-warmup
to find out why this is a problem and how to eliminate them. - 
WARN [2022-07-28 12:42:33] Salzburg (chain: 1): Examine the pairs() plot to diagnose sampling problems
 - 
WARN [2022-07-28 12:42:42] Salzburg (chain: 1): The largest R-hat is 1.22, indicating chains have not mixed.
Running the chains for more iterations may help. See
https://mc-stan.org/misc/warnings.html#r-hat - 
WARN [2022-07-28 12:42:47] Salzburg (chain: 1): Bulk Effective Samples Size (ESS) is too low, indicating posterior means and medians may be unreliable.
Running the chains for more iterations may help. See
https://mc-stan.org/misc/warnings.html#bulk-ess - 
WARN [2022-07-28 12:43:02] Salzburg (chain: 1): Tail Effective Samples Size (ESS) is too low, indicating posterior variances and tail quantiles may be unreliable.
Running the chains for more iterations may help. See
https://mc-stan.org/misc/warnings.html#tail-ess - 
