INFO [2022-07-27 16:32:33] Reporting estimates using data up to: 2021-01-02
INFO [2022-07-27 16:32:33] Saving estimates to : new_results
INFO [2022-07-27 16:32:33] Producing estimates for: Haaglanden, Jura, Landsberg am Lech, LK Gifhorn
INFO [2022-07-27 16:32:33] Regions excluded: none
INFO [2022-07-27 16:41:29] Reporting estimates using data up to: 2021-01-02
INFO [2022-07-27 16:41:29] Saving estimates to : new_results
INFO [2022-07-27 16:41:29] Producing estimates for: Haaglanden, Jura, Landsberg am Lech, LK Gifhorn
INFO [2022-07-27 16:41:29] Regions excluded: none
INFO [2022-07-27 18:12:44] Completed estimates for: Haaglanden
INFO [2022-07-27 19:03:07] Completed estimates for: Jura
INFO [2022-07-27 19:27:34] Completed estimates for: Landsberg am Lech
INFO [2022-07-27 19:51:05] Completed estimates for: LK Gifhorn
INFO [2022-07-27 19:51:05] Completed regional estimates
INFO [2022-07-27 19:51:05] Regions with estimates: 4
INFO [2022-07-27 19:51:05] Regions with runtime errors: 0
INFO [2022-07-27 19:51:05] Producing summary
INFO [2022-07-27 19:51:05] No summary directory specified so returning summary output
INFO [2022-07-27 19:51:06] Errors caught whilst generating summary statistics: 
INFO [2022-07-27 19:51:06] Error: Incompatible classes: <IDate> + <Period>


INFO [2022-07-27 19:51:06] Saving timings information to : new_results
