INFO [2022-07-27 16:32:35] Initialising estimates for: Haaglanden
DEBUG [2022-07-27 16:32:35] Producing following optional outputs: plots, samples, timing, latest
WARN [2022-07-27 16:32:35] Haaglanden: Incompatible methods ("-.Date", "-.IDate") for "-" - update_horizon, horizon, target_date, reported_cases
DEBUG [2022-07-27 16:32:35] Haaglanden: Running in exact mode for 100 samples (across 4 chains each with a warm up of 100 iterations each) and 183 time steps of which 20 are a forecast
INFO [2022-07-27 16:41:32] Initialising estimates for: Haaglanden
DEBUG [2022-07-27 16:41:32] Producing following optional outputs: plots, samples, timing, latest
WARN [2022-07-27 16:41:32] Haaglanden: Incompatible methods ("-.Date", "-.IDate") for "-" - update_horizon, horizon, target_date, reported_cases
DEBUG [2022-07-27 16:41:33] Haaglanden: Running in exact mode for 100 samples (across 4 chains each with a warm up of 100 iterations each) and 183 time steps of which 20 are a forecast
WARN [2022-07-27 18:11:17] Haaglanden (chain: 1): There were 3 divergent transitions after warmup. See
https://mc-stan.org/misc/warnings.html#divergent-transitions-after-warmup
to find out why this is a problem and how to eliminate them. - 
WARN [2022-07-27 18:11:17] Haaglanden (chain: 1): Examine the pairs() plot to diagnose sampling problems
 - 
WARN [2022-07-27 18:11:27] Haaglanden (chain: 1): The largest R-hat is 1.15, indicating chains have not mixed.
Running the chains for more iterations may help. See
https://mc-stan.org/misc/warnings.html#r-hat - 
WARN [2022-07-27 18:11:33] Haaglanden (chain: 1): Bulk Effective Samples Size (ESS) is too low, indicating posterior means and medians may be unreliable.
Running the chains for more iterations may help. See
https://mc-stan.org/misc/warnings.html#bulk-ess - 
WARN [2022-07-27 18:11:49] Haaglanden (chain: 1): Tail Effective Samples Size (ESS) is too low, indicating posterior variances and tail quantiles may be unreliable.
Running the chains for more iterations may help. See
https://mc-stan.org/misc/warnings.html#tail-ess - 
INFO [2022-07-27 18:12:44] Initialising estimates for: Jura
DEBUG [2022-07-27 18:12:44] Producing following optional outputs: plots, samples, timing, latest
WARN [2022-07-27 18:12:44] Jura: Incompatible methods ("-.Date", "-.IDate") for "-" - update_horizon, horizon, target_date, reported_cases
DEBUG [2022-07-27 18:12:44] Jura: Running in exact mode for 100 samples (across 4 chains each with a warm up of 100 iterations each) and 171 time steps of which 20 are a forecast
WARN [2022-07-27 19:01:52] Jura (chain: 1): The largest R-hat is 1.17, indicating chains have not mixed.
Running the chains for more iterations may help. See
https://mc-stan.org/misc/warnings.html#r-hat - 
WARN [2022-07-27 19:01:57] Jura (chain: 1): Bulk Effective Samples Size (ESS) is too low, indicating posterior means and medians may be unreliable.
Running the chains for more iterations may help. See
https://mc-stan.org/misc/warnings.html#bulk-ess - 
WARN [2022-07-27 19:02:15] Jura (chain: 1): Tail Effective Samples Size (ESS) is too low, indicating posterior variances and tail quantiles may be unreliable.
Running the chains for more iterations may help. See
https://mc-stan.org/misc/warnings.html#tail-ess - 
INFO [2022-07-27 19:03:07] Initialising estimates for: Landsberg am Lech
DEBUG [2022-07-27 19:03:07] Producing following optional outputs: plots, samples, timing, latest
WARN [2022-07-27 19:03:07] Landsberg am Lech: Incompatible methods ("-.Date", "-.IDate") for "-" - update_horizon, horizon, target_date, reported_cases
DEBUG [2022-07-27 19:03:08] Landsberg am Lech: Running in exact mode for 100 samples (across 4 chains each with a warm up of 100 iterations each) and 174 time steps of which 20 are a forecast
WARN [2022-07-27 19:26:14] Landsberg am Lech (chain: 1): There were 3 divergent transitions after warmup. See
https://mc-stan.org/misc/warnings.html#divergent-transitions-after-warmup
to find out why this is a problem and how to eliminate them. - 
WARN [2022-07-27 19:26:14] Landsberg am Lech (chain: 1): Examine the pairs() plot to diagnose sampling problems
 - 
WARN [2022-07-27 19:26:24] Landsberg am Lech (chain: 1): The largest R-hat is 1.21, indicating chains have not mixed.
Running the chains for more iterations may help. See
https://mc-stan.org/misc/warnings.html#r-hat - 
WARN [2022-07-27 19:26:27] Landsberg am Lech (chain: 1): Bulk Effective Samples Size (ESS) is too low, indicating posterior means and medians may be unreliable.
Running the chains for more iterations may help. See
https://mc-stan.org/misc/warnings.html#bulk-ess - 
WARN [2022-07-27 19:26:45] Landsberg am Lech (chain: 1): Tail Effective Samples Size (ESS) is too low, indicating posterior variances and tail quantiles may be unreliable.
Running the chains for more iterations may help. See
https://mc-stan.org/misc/warnings.html#tail-ess - 
INFO [2022-07-27 19:27:34] Initialising estimates for: LK Gifhorn
DEBUG [2022-07-27 19:27:34] Producing following optional outputs: plots, samples, timing, latest
WARN [2022-07-27 19:27:35] LK Gifhorn: Incompatible methods ("-.Date", "-.IDate") for "-" - update_horizon, horizon, target_date, reported_cases
DEBUG [2022-07-27 19:27:35] LK Gifhorn: Running in exact mode for 100 samples (across 4 chains each with a warm up of 100 iterations each) and 175 time steps of which 20 are a forecast
WARN [2022-07-27 19:49:54] LK Gifhorn (chain: 1): There were 1 divergent transitions after warmup. See
https://mc-stan.org/misc/warnings.html#divergent-transitions-after-warmup
to find out why this is a problem and how to eliminate them. - 
WARN [2022-07-27 19:49:54] LK Gifhorn (chain: 1): Examine the pairs() plot to diagnose sampling problems
 - 
WARN [2022-07-27 19:50:02] LK Gifhorn (chain: 1): The largest R-hat is 1.17, indicating chains have not mixed.
Running the chains for more iterations may help. See
https://mc-stan.org/misc/warnings.html#r-hat - 
WARN [2022-07-27 19:50:05] LK Gifhorn (chain: 1): Bulk Effective Samples Size (ESS) is too low, indicating posterior means and medians may be unreliable.
Running the chains for more iterations may help. See
https://mc-stan.org/misc/warnings.html#bulk-ess - 
WARN [2022-07-27 19:50:18] LK Gifhorn (chain: 1): Tail Effective Samples Size (ESS) is too low, indicating posterior variances and tail quantiles may be unreliable.
Running the chains for more iterations may help. See
https://mc-stan.org/misc/warnings.html#tail-ess - 
